2019-09-12 22:30:46 INFO  App:24 - *********iniciando verificacion de precios**********
2019-09-12 22:30:46 INFO  URLReader:19 - URL Producto: https://www.liverpool.com.mx/tienda/pdp/abrillantador-meguiar's-ultimate-quick-detailer-negro/61837434
2019-09-12 22:31:01 INFO  Verifier:71 - Muy caro:$328
2019-09-12 22:31:01 INFO  Tracker:24 - Precio objetivo alcanzado:false
2019-09-12 22:31:01 INFO  Tracker:28 - ********Muy caro, no me notifiques
2019-09-12 22:31:21 INFO  App:24 - *********iniciando verificacion de precios**********
2019-09-12 22:31:21 INFO  URLReader:19 - URL Producto: https://www.liverpool.com.mx/tienda/pdp/abrillantador-meguiar's-ultimate-quick-detailer-negro/61837434
2019-09-12 22:31:24 INFO  Verifier:71 - Muy caro:$328
2019-09-12 22:31:24 INFO  Tracker:24 - Precio objetivo alcanzado:false
2019-09-12 22:31:24 INFO  Tracker:28 - ********Muy caro, no me notifiques
2019-09-12 22:36:08 INFO  App:27 - *********iniciando verificacion de precios**********
2019-09-12 22:36:08 INFO  URLReader:19 - URL Producto: https://www.liverpool.com.mx/tienda/pdp/abrillantador-meguiar's-ultimate-quick-detailer-negro/61837434
2019-09-12 22:36:14 INFO  Verifier:71 - Muy caro:$328
2019-09-12 22:36:14 INFO  Tracker:24 - Precio objetivo alcanzado:false
2019-09-12 22:36:14 INFO  Tracker:28 - ********Muy caro, no me notifiques
2019-09-12 22:36:14 INFO  URLReader:19 - URL Producto: https://www.amazon.com.mx/Meguiar%C2%B4s-G190526-Cera-Cer%C3%A1mica-Empaque/dp/B06WVQ6MVR/ref=sr_1_14?__mk_es_MX=%C3%85M%C3%85%C5%BD%C3%95%C3%91&keywords=meguiars&qid=1568339530&s=gateway&sr=8-14
2019-09-12 22:36:15 INFO  Tracker:32 - Servicio no disponible, intenta mas tarde
2019-09-12 22:39:33 INFO  App:27 - *********iniciando verificacion de precios**********
2019-09-12 22:40:09 INFO  URLReader:19 - URL Producto: https://www.amazon.com.mx/Meguiar%C2%B4s-G190526-Cera-Cer%C3%A1mica-Empaque/dp/B06WVQ6MVR/ref=sr_1_14?__mk_es_MX=%C3%85M%C3%85%C5%BD%C3%95%C3%91&keywords=meguiars&qid=1568339530&s=gateway&sr=8-14
2019-09-12 22:46:20 INFO  URLReader:19 - URL Producto: https://www.amazon.com.mx/Meguiar%C2%B4s-G190526-Cera-Cer%C3%A1mica-Empaque/dp/B06WVQ6MVR/ref=sr_1_14?__mk_es_MX=%C3%85M%C3%85%C5%BD%C3%95%C3%91&keywords=meguiars&qid=1568339530&s=gateway&sr=8-14
2019-09-12 22:47:04 INFO  URLReader:19 - URL Producto: https://www.amazon.com.mx/ref=nav_logo
2019-09-12 22:48:50 INFO  URLReader:19 - URL Producto: https://www.amazon.com.mx/
2019-09-12 22:51:56 INFO  URLReader:19 - URL Producto: https://www.amazon.com.mx/
2019-09-12 22:52:08 INFO  App:27 - *********iniciando verificacion de precios**********
2019-09-12 22:52:08 INFO  URLReader:19 - URL Producto: https://www.amazon.com.mx/Meguiar%C2%B4s-G190526-Cera-Cer%C3%A1mica-Empaque/dp/B06WVQ6MVR/ref=sr_1_14?__mk_es_MX=%C3%85M%C3%85%C5%BD%C3%95%C3%91&keywords=meguiars&qid=1568339530&s=gateway&sr=8-14
2019-09-12 22:52:36 INFO  App:27 - *********iniciando verificacion de precios**********
2019-09-12 22:52:36 INFO  URLReader:19 - URL Producto: https://www.amazon.com.mx/Meguiar%C2%B4s-G190526-Cera-Cer%C3%A1mica-Empaque/dp/B06WVQ6MVR/ref=sr_1_14?__mk_es_MX=%C3%85M%C3%85%C5%BD%C3%95%C3%91&keywords=meguiars&qid=1568339530&s=gateway&sr=8-14
2019-09-12 22:53:27 INFO  App:27 - *********iniciando verificacion de precios**********
2019-09-12 22:53:27 INFO  URLReader:19 - URL Producto: https://www.amazon.com.mx/Meguiar%C2%B4s-G190526-Cera-Cer%C3%A1mica-Empaque/dp/B06WVQ6MVR/ref=sr_1_14?__mk_es_MX=%C3%85M%C3%85%C5%BD%C3%95%C3%91&keywords=meguiars&qid=1568339530&s=gateway&sr=8-14
2019-09-12 22:53:44 INFO  Verifier:71 - Muy caro:$732.54
2019-09-12 22:53:44 INFO  Tracker:24 - Precio objetivo alcanzado:false
2019-09-12 22:53:44 INFO  Tracker:28 - ********Muy caro, no me notifiques
2019-09-12 22:53:58 INFO  App:27 - *********iniciando verificacion de precios**********
2019-09-12 22:53:58 INFO  URLReader:19 - URL Producto: https://www.amazon.com.mx/Meguiar%C2%B4s-G190526-Cera-Cer%C3%A1mica-Empaque/dp/B06WVQ6MVR/ref=sr_1_14?__mk_es_MX=%C3%85M%C3%85%C5%BD%C3%95%C3%91&keywords=meguiars&qid=1568339530&s=gateway&sr=8-14
2019-09-12 22:54:03 INFO  Verifier:68 - Precio objetivo:$732.54
2019-09-12 22:54:03 INFO  Tracker:24 - Precio objetivo alcanzado:true
2019-09-12 22:54:03 INFO  Tracker:26 - *****Enviando correo de notificacion
2019-09-12 22:58:30 INFO  App:27 - *********iniciando verificacion de precios**********
2019-09-12 22:58:30 INFO  URLReader:19 - URL Producto: https://www.liverpool.com.mx/tienda/pdp/abrillantador-meguiar's-ultimate-quick-detailer-negro/61837434
2019-09-12 22:58:38 INFO  Verifier:71 - Muy caro:$328
2019-09-12 22:58:38 INFO  Tracker:24 - Precio objetivo alcanzado:false
2019-09-12 22:58:38 INFO  Tracker:28 - ********Muy caro, no me notifiques
2019-09-12 22:58:38 INFO  URLReader:19 - URL Producto: https://www.amazon.com.mx/Meguiar%C2%B4s-G190526-Cera-Cer%C3%A1mica-Empaque/dp/B06WVQ6MVR/ref=sr_1_14?__mk_es_MX=%C3%85M%C3%85%C5%BD%C3%95%C3%91&keywords=meguiars&qid=1568339530&s=gateway&sr=8-14
2019-09-12 22:58:50 INFO  Verifier:71 - Muy caro:$732.54
2019-09-12 22:58:50 INFO  Tracker:24 - Precio objetivo alcanzado:false
2019-09-12 22:58:50 INFO  Tracker:28 - ********Muy caro, no me notifiques
2019-09-12 22:58:50 INFO  App:29 - Esperando 30s...
2019-09-12 22:59:20 INFO  App:27 - *********iniciando verificacion de precios**********
2019-09-12 22:59:20 INFO  URLReader:19 - URL Producto: https://www.liverpool.com.mx/tienda/pdp/abrillantador-meguiar's-ultimate-quick-detailer-negro/61837434
2019-09-12 22:59:28 INFO  Verifier:71 - Muy caro:$328
2019-09-12 22:59:28 INFO  Tracker:24 - Precio objetivo alcanzado:false
2019-09-12 22:59:28 INFO  Tracker:28 - ********Muy caro, no me notifiques
2019-09-12 22:59:28 INFO  URLReader:19 - URL Producto: https://www.amazon.com.mx/Meguiar%C2%B4s-G190526-Cera-Cer%C3%A1mica-Empaque/dp/B06WVQ6MVR/ref=sr_1_14?__mk_es_MX=%C3%85M%C3%85%C5%BD%C3%95%C3%91&keywords=meguiars&qid=1568339530&s=gateway&sr=8-14
