2019-09-13 17:37:50 INFO  Tracker:40 - *********iniciando verificacion de precios**********
2019-09-13 17:37:50 INFO  URLReader:19 - URL Producto: https://www.liverpool.com.mx/tienda/pdp/abrillantador-meguiar's-ultimate-quick-detailer-negro/61837434
2019-09-13 17:37:54 INFO  Verifier:63 - buscando por precio objetivo
2019-09-13 17:37:54 INFO  Verifier:73 - Muy caro:$328
2019-09-13 17:37:54 INFO  Tracker:45 - Precio objetivo alcanzado:false
2019-09-13 17:37:54 INFO  Tracker:49 - ********Muy caro, no me notifiques
2019-09-13 17:37:54 INFO  URLReader:19 - URL Producto: https://www.amazon.com.mx/Meguiar%C2%B4s-G190526-Cera-Cer%C3%A1mica-Empaque/dp/B06WVQ6MVR/ref=sr_1_14?__mk_es_MX=%C3%85M%C3%85%C5%BD%C3%95%C3%91&keywords=meguiars&qid=1568339530&s=gateway&sr=8-14
2019-09-13 17:38:01 INFO  Verifier:66 - buscando por porcentaje descuento
2019-09-13 17:38:01 INFO  Verifier:73 - Muy caro:$732.54
2019-09-13 17:38:01 INFO  Tracker:45 - Precio objetivo alcanzado:false
2019-09-13 17:38:01 INFO  Tracker:49 - ********Muy caro, no me notifiques
2019-09-13 17:38:02 INFO  Tracker:40 - *********iniciando verificacion de precios**********
2019-09-13 17:38:02 INFO  URLReader:19 - URL Producto: https://www.liverpool.com.mx/tienda/pdp/abrillantador-meguiar's-ultimate-quick-detailer-negro/61837434
2019-09-13 17:38:06 INFO  Verifier:63 - buscando por precio objetivo
2019-09-13 17:38:06 INFO  Verifier:73 - Muy caro:$328
2019-09-13 17:38:06 INFO  Tracker:45 - Precio objetivo alcanzado:false
2019-09-13 17:38:06 INFO  Tracker:49 - ********Muy caro, no me notifiques
2019-09-13 17:38:06 INFO  URLReader:19 - URL Producto: https://www.amazon.com.mx/Meguiar%C2%B4s-G190526-Cera-Cer%C3%A1mica-Empaque/dp/B06WVQ6MVR/ref=sr_1_14?__mk_es_MX=%C3%85M%C3%85%C5%BD%C3%95%C3%91&keywords=meguiars&qid=1568339530&s=gateway&sr=8-14
2019-09-13 17:38:11 INFO  Verifier:66 - buscando por porcentaje descuento
2019-09-13 17:38:11 INFO  Verifier:73 - Muy caro:$732.54
2019-09-13 17:38:11 INFO  Tracker:45 - Precio objetivo alcanzado:false
2019-09-13 17:38:11 INFO  Tracker:49 - ********Muy caro, no me notifiques
2019-09-13 17:38:12 INFO  Tracker:40 - *********iniciando verificacion de precios**********
2019-09-13 17:38:12 INFO  URLReader:19 - URL Producto: https://www.liverpool.com.mx/tienda/pdp/abrillantador-meguiar's-ultimate-quick-detailer-negro/61837434
2019-09-13 17:38:15 INFO  Verifier:63 - buscando por precio objetivo
2019-09-13 17:38:15 INFO  Verifier:73 - Muy caro:$328
2019-09-13 17:38:15 INFO  Tracker:45 - Precio objetivo alcanzado:false
2019-09-13 17:38:15 INFO  Tracker:49 - ********Muy caro, no me notifiques
2019-09-13 17:38:15 INFO  URLReader:19 - URL Producto: https://www.amazon.com.mx/Meguiar%C2%B4s-G190526-Cera-Cer%C3%A1mica-Empaque/dp/B06WVQ6MVR/ref=sr_1_14?__mk_es_MX=%C3%85M%C3%85%C5%BD%C3%95%C3%91&keywords=meguiars&qid=1568339530&s=gateway&sr=8-14
2019-09-13 17:38:19 INFO  Verifier:66 - buscando por porcentaje descuento
2019-09-13 17:38:19 INFO  Verifier:73 - Muy caro:$732.54
2019-09-13 17:38:19 INFO  Tracker:45 - Precio objetivo alcanzado:false
2019-09-13 17:38:19 INFO  Tracker:49 - ********Muy caro, no me notifiques
2019-09-13 17:38:20 INFO  Tracker:40 - *********iniciando verificacion de precios**********
2019-09-13 17:38:20 INFO  URLReader:19 - URL Producto: https://www.liverpool.com.mx/tienda/pdp/abrillantador-meguiar's-ultimate-quick-detailer-negro/61837434
2019-09-13 17:40:00 INFO  Tracker:40 - *********iniciando verificacion de precios**********
2019-09-13 17:40:00 INFO  URLReader:19 - URL Producto: https://www.liverpool.com.mx/tienda/pdp/abrillantador-meguiar's-ultimate-quick-detailer-negro/61837434
2019-09-13 17:40:05 INFO  Verifier:63 - buscando por precio objetivo
2019-09-13 17:40:05 INFO  Verifier:73 - Muy caro:$328
2019-09-13 17:40:05 INFO  Tracker:45 - Precio objetivo alcanzado:false
2019-09-13 17:40:05 INFO  Tracker:49 - ********Muy caro, no me notifiques
2019-09-13 17:40:05 INFO  URLReader:19 - URL Producto: https://www.amazon.com.mx/Meguiar%C2%B4s-G190526-Cera-Cer%C3%A1mica-Empaque/dp/B06WVQ6MVR/ref=sr_1_14?__mk_es_MX=%C3%85M%C3%85%C5%BD%C3%95%C3%91&keywords=meguiars&qid=1568339530&s=gateway&sr=8-14
2019-09-13 17:40:10 INFO  Verifier:66 - buscando por porcentaje descuento
2019-09-13 17:40:10 INFO  Verifier:73 - Muy caro:$732.54
2019-09-13 17:40:10 INFO  Tracker:45 - Precio objetivo alcanzado:false
2019-09-13 17:40:10 INFO  Tracker:49 - ********Muy caro, no me notifiques
2019-09-13 17:40:11 INFO  Tracker:40 - *********iniciando verificacion de precios**********
2019-09-13 17:40:11 INFO  URLReader:19 - URL Producto: https://www.liverpool.com.mx/tienda/pdp/abrillantador-meguiar's-ultimate-quick-detailer-negro/61837434
2019-09-13 17:42:00 INFO  Tracker:40 - *********iniciando verificacion de precios**********
2019-09-13 17:42:00 INFO  URLReader:19 - URL Producto: https://www.liverpool.com.mx/tienda/pdp/abrillantador-meguiar's-ultimate-quick-detailer-negro/61837434
2019-09-13 17:42:10 INFO  Verifier:63 - buscando por precio objetivo
2019-09-13 17:42:10 INFO  Verifier:73 - Muy caro:$328
2019-09-13 17:42:10 INFO  Tracker:45 - Precio objetivo alcanzado:false
2019-09-13 17:42:10 INFO  Tracker:49 - ********Muy caro, no me notifiques
2019-09-13 17:42:10 INFO  URLReader:19 - URL Producto: https://www.amazon.com.mx/Meguiar%C2%B4s-G190526-Cera-Cer%C3%A1mica-Empaque/dp/B06WVQ6MVR/ref=sr_1_14?__mk_es_MX=%C3%85M%C3%85%C5%BD%C3%95%C3%91&keywords=meguiars&qid=1568339530&s=gateway&sr=8-14
2019-09-13 17:42:18 INFO  Verifier:66 - buscando por porcentaje descuento
2019-09-13 17:42:18 INFO  Verifier:73 - Muy caro:$732.54
2019-09-13 17:42:18 INFO  Tracker:45 - Precio objetivo alcanzado:false
2019-09-13 17:42:18 INFO  Tracker:49 - ********Muy caro, no me notifiques
2019-09-13 17:42:19 INFO  Tracker:40 - *********iniciando verificacion de precios**********
2019-09-13 17:42:19 INFO  URLReader:19 - URL Producto: https://www.liverpool.com.mx/tienda/pdp/abrillantador-meguiar's-ultimate-quick-detailer-negro/61837434
2019-09-13 17:42:24 INFO  Verifier:63 - buscando por precio objetivo
2019-09-13 17:42:24 INFO  Verifier:73 - Muy caro:$328
2019-09-13 17:42:24 INFO  Tracker:45 - Precio objetivo alcanzado:false
2019-09-13 17:42:24 INFO  Tracker:49 - ********Muy caro, no me notifiques
2019-09-13 17:42:24 INFO  URLReader:19 - URL Producto: https://www.amazon.com.mx/Meguiar%C2%B4s-G190526-Cera-Cer%C3%A1mica-Empaque/dp/B06WVQ6MVR/ref=sr_1_14?__mk_es_MX=%C3%85M%C3%85%C5%BD%C3%95%C3%91&keywords=meguiars&qid=1568339530&s=gateway&sr=8-14
2019-09-13 17:42:31 INFO  Verifier:66 - buscando por porcentaje descuento
2019-09-13 17:42:31 INFO  Verifier:73 - Muy caro:$732.54
2019-09-13 17:42:31 INFO  Tracker:45 - Precio objetivo alcanzado:false
2019-09-13 17:42:31 INFO  Tracker:49 - ********Muy caro, no me notifiques
2019-09-13 17:42:32 INFO  Tracker:40 - *********iniciando verificacion de precios**********
2019-09-13 17:42:32 INFO  URLReader:19 - URL Producto: https://www.liverpool.com.mx/tienda/pdp/abrillantador-meguiar's-ultimate-quick-detailer-negro/61837434
2019-09-13 17:42:38 INFO  Verifier:63 - buscando por precio objetivo
2019-09-13 17:42:38 INFO  Verifier:73 - Muy caro:$328
2019-09-13 17:42:38 INFO  Tracker:45 - Precio objetivo alcanzado:false
2019-09-13 17:42:39 INFO  Tracker:49 - ********Muy caro, no me notifiques
2019-09-13 17:42:39 INFO  URLReader:19 - URL Producto: https://www.amazon.com.mx/Meguiar%C2%B4s-G190526-Cera-Cer%C3%A1mica-Empaque/dp/B06WVQ6MVR/ref=sr_1_14?__mk_es_MX=%C3%85M%C3%85%C5%BD%C3%95%C3%91&keywords=meguiars&qid=1568339530&s=gateway&sr=8-14
2019-09-13 17:42:43 INFO  Verifier:66 - buscando por porcentaje descuento
2019-09-13 17:42:43 INFO  Verifier:73 - Muy caro:$732.54
2019-09-13 17:42:43 INFO  Tracker:45 - Precio objetivo alcanzado:false
2019-09-13 17:42:43 INFO  Tracker:49 - ********Muy caro, no me notifiques
2019-09-13 17:42:44 INFO  Tracker:40 - *********iniciando verificacion de precios**********
2019-09-13 17:42:44 INFO  URLReader:19 - URL Producto: https://www.liverpool.com.mx/tienda/pdp/abrillantador-meguiar's-ultimate-quick-detailer-negro/61837434
2019-09-13 17:42:49 INFO  Verifier:63 - buscando por precio objetivo
2019-09-13 17:42:49 INFO  Verifier:73 - Muy caro:$328
2019-09-13 17:42:49 INFO  Tracker:45 - Precio objetivo alcanzado:false
2019-09-13 17:42:49 INFO  Tracker:49 - ********Muy caro, no me notifiques
2019-09-13 17:42:49 INFO  URLReader:19 - URL Producto: https://www.amazon.com.mx/Meguiar%C2%B4s-G190526-Cera-Cer%C3%A1mica-Empaque/dp/B06WVQ6MVR/ref=sr_1_14?__mk_es_MX=%C3%85M%C3%85%C5%BD%C3%95%C3%91&keywords=meguiars&qid=1568339530&s=gateway&sr=8-14
2019-09-13 17:42:55 INFO  Verifier:66 - buscando por porcentaje descuento
2019-09-13 17:42:55 INFO  Verifier:73 - Muy caro:$732.54
2019-09-13 17:42:55 INFO  Tracker:45 - Precio objetivo alcanzado:false
2019-09-13 17:42:55 INFO  Tracker:49 - ********Muy caro, no me notifiques
2019-09-13 17:42:56 INFO  Tracker:40 - *********iniciando verificacion de precios**********
2019-09-13 17:42:56 INFO  URLReader:19 - URL Producto: https://www.liverpool.com.mx/tienda/pdp/abrillantador-meguiar's-ultimate-quick-detailer-negro/61837434
2019-09-13 17:45:54 INFO  Tracker:40 - *********iniciando verificacion de precios**********
2019-09-13 17:45:54 INFO  URLReader:19 - URL Producto: https://www.liverpool.com.mx/tienda/pdp/abrillantador-meguiar's-ultimate-quick-detailer-negro/61837434
2019-09-13 17:45:59 INFO  Verifier:63 - buscando por precio objetivo
2019-09-13 17:45:59 INFO  Verifier:73 - Muy caro:$328
2019-09-13 17:45:59 INFO  Tracker:45 - Precio objetivo alcanzado:false
2019-09-13 17:45:59 INFO  Tracker:49 - ********Muy caro, no me notifiques
2019-09-13 17:45:59 INFO  URLReader:19 - URL Producto: https://www.amazon.com.mx/Meguiar%C2%B4s-G190526-Cera-Cer%C3%A1mica-Empaque/dp/B06WVQ6MVR/ref=sr_1_14?__mk_es_MX=%C3%85M%C3%85%C5%BD%C3%95%C3%91&keywords=meguiars&qid=1568339530&s=gateway&sr=8-14
2019-09-13 17:46:03 INFO  Verifier:66 - buscando por porcentaje descuento
2019-09-13 17:46:03 INFO  Verifier:73 - Muy caro:$732.54
2019-09-13 17:46:03 INFO  Tracker:45 - Precio objetivo alcanzado:false
2019-09-13 17:46:03 INFO  Tracker:49 - ********Muy caro, no me notifiques
2019-09-13 17:46:03 INFO  Tracker:40 - *********iniciando verificacion de precios**********
2019-09-13 17:46:03 INFO  URLReader:19 - URL Producto: https://www.liverpool.com.mx/tienda/pdp/abrillantador-meguiar's-ultimate-quick-detailer-negro/61837434
2019-09-13 17:46:05 INFO  Verifier:63 - buscando por precio objetivo
2019-09-13 17:46:05 INFO  Verifier:73 - Muy caro:$328
2019-09-13 17:46:05 INFO  Tracker:45 - Precio objetivo alcanzado:false
2019-09-13 17:46:05 INFO  Tracker:49 - ********Muy caro, no me notifiques
2019-09-13 17:46:05 INFO  URLReader:19 - URL Producto: https://www.amazon.com.mx/Meguiar%C2%B4s-G190526-Cera-Cer%C3%A1mica-Empaque/dp/B06WVQ6MVR/ref=sr_1_14?__mk_es_MX=%C3%85M%C3%85%C5%BD%C3%95%C3%91&keywords=meguiars&qid=1568339530&s=gateway&sr=8-14
2019-09-13 17:46:09 INFO  Verifier:66 - buscando por porcentaje descuento
2019-09-13 17:46:09 INFO  Verifier:73 - Muy caro:$732.54
2019-09-13 17:46:09 INFO  Tracker:45 - Precio objetivo alcanzado:false
2019-09-13 17:46:09 INFO  Tracker:49 - ********Muy caro, no me notifiques
2019-09-13 17:46:09 INFO  Tracker:40 - *********iniciando verificacion de precios**********
2019-09-13 17:46:09 INFO  URLReader:19 - URL Producto: https://www.liverpool.com.mx/tienda/pdp/abrillantador-meguiar's-ultimate-quick-detailer-negro/61837434
2019-09-13 17:46:12 INFO  Verifier:63 - buscando por precio objetivo
2019-09-13 17:46:12 INFO  Verifier:73 - Muy caro:$328
2019-09-13 17:46:12 INFO  Tracker:45 - Precio objetivo alcanzado:false
2019-09-13 17:46:12 INFO  Tracker:49 - ********Muy caro, no me notifiques
2019-09-13 17:46:12 INFO  URLReader:19 - URL Producto: https://www.amazon.com.mx/Meguiar%C2%B4s-G190526-Cera-Cer%C3%A1mica-Empaque/dp/B06WVQ6MVR/ref=sr_1_14?__mk_es_MX=%C3%85M%C3%85%C5%BD%C3%95%C3%91&keywords=meguiars&qid=1568339530&s=gateway&sr=8-14
2019-09-13 17:46:14 INFO  Verifier:66 - buscando por porcentaje descuento
2019-09-13 17:46:14 INFO  Verifier:73 - Muy caro:$732.54
2019-09-13 17:46:14 INFO  Tracker:45 - Precio objetivo alcanzado:false
2019-09-13 17:46:14 INFO  Tracker:49 - ********Muy caro, no me notifiques
2019-09-13 17:46:14 INFO  Tracker:40 - *********iniciando verificacion de precios**********
2019-09-13 17:46:14 INFO  URLReader:19 - URL Producto: https://www.liverpool.com.mx/tienda/pdp/abrillantador-meguiar's-ultimate-quick-detailer-negro/61837434
2019-09-13 17:46:18 INFO  Verifier:63 - buscando por precio objetivo
2019-09-13 17:46:18 INFO  Verifier:73 - Muy caro:$328
2019-09-13 17:46:18 INFO  Tracker:45 - Precio objetivo alcanzado:false
2019-09-13 17:46:18 INFO  Tracker:49 - ********Muy caro, no me notifiques
2019-09-13 17:46:18 INFO  URLReader:19 - URL Producto: https://www.amazon.com.mx/Meguiar%C2%B4s-G190526-Cera-Cer%C3%A1mica-Empaque/dp/B06WVQ6MVR/ref=sr_1_14?__mk_es_MX=%C3%85M%C3%85%C5%BD%C3%95%C3%91&keywords=meguiars&qid=1568339530&s=gateway&sr=8-14
2019-09-13 17:46:30 INFO  Tracker:40 - *********iniciando verificacion de precios**********
2019-09-13 17:46:30 INFO  URLReader:19 - URL Producto: https://www.liverpool.com.mx/tienda/pdp/abrillantador-meguiar's-ultimate-quick-detailer-negro/61837434
2019-09-13 17:46:36 INFO  Verifier:63 - buscando por precio objetivo
2019-09-13 17:46:36 INFO  Verifier:73 - Muy caro:$328
2019-09-13 17:46:36 INFO  Tracker:45 - Precio objetivo alcanzado:false
2019-09-13 17:46:36 INFO  Tracker:49 - ********Muy caro, no me notifiques
2019-09-13 17:46:36 INFO  URLReader:19 - URL Producto: https://www.amazon.com.mx/Meguiar%C2%B4s-G190526-Cera-Cer%C3%A1mica-Empaque/dp/B06WVQ6MVR/ref=sr_1_14?__mk_es_MX=%C3%85M%C3%85%C5%BD%C3%95%C3%91&keywords=meguiars&qid=1568339530&s=gateway&sr=8-14
2019-09-13 17:46:44 INFO  Verifier:66 - buscando por porcentaje descuento
2019-09-13 17:46:44 INFO  Verifier:73 - Muy caro:$732.54
2019-09-13 17:46:44 INFO  Tracker:45 - Precio objetivo alcanzado:false
2019-09-13 17:46:44 INFO  Tracker:49 - ********Muy caro, no me notifiques
2019-09-13 17:47:20 INFO  Tracker:40 - *********iniciando verificacion de precios**********
2019-09-13 17:47:20 INFO  URLReader:19 - URL Producto: https://www.liverpool.com.mx/tienda/pdp/abrillantador-meguiar's-ultimate-quick-detailer-negro/61837434
2019-09-13 17:47:34 INFO  Verifier:63 - buscando por precio objetivo
2019-09-13 17:47:34 INFO  Verifier:73 - Muy caro:$328
2019-09-13 17:47:34 INFO  Tracker:45 - Precio objetivo alcanzado:false
2019-09-13 17:47:34 INFO  Tracker:49 - ********Muy caro, no me notifiques
2019-09-13 17:47:34 INFO  URLReader:19 - URL Producto: https://www.amazon.com.mx/Meguiar%C2%B4s-G190526-Cera-Cer%C3%A1mica-Empaque/dp/B06WVQ6MVR/ref=sr_1_14?__mk_es_MX=%C3%85M%C3%85%C5%BD%C3%95%C3%91&keywords=meguiars&qid=1568339530&s=gateway&sr=8-14
2019-09-13 17:47:39 INFO  Verifier:66 - buscando por porcentaje descuento
2019-09-13 17:47:39 INFO  Verifier:73 - Muy caro:$732.54
2019-09-13 17:47:39 INFO  Tracker:45 - Precio objetivo alcanzado:false
2019-09-13 17:47:39 INFO  Tracker:49 - ********Muy caro, no me notifiques
2019-09-13 17:48:10 INFO  Tracker:40 - *********iniciando verificacion de precios**********
2019-09-13 17:48:10 INFO  URLReader:19 - URL Producto: https://www.liverpool.com.mx/tienda/pdp/abrillantador-meguiar's-ultimate-quick-detailer-negro/61837434
2019-09-13 17:48:15 INFO  Verifier:63 - buscando por precio objetivo
2019-09-13 17:48:15 INFO  Verifier:73 - Muy caro:$328
2019-09-13 17:48:15 INFO  Tracker:45 - Precio objetivo alcanzado:false
2019-09-13 17:48:15 INFO  Tracker:49 - ********Muy caro, no me notifiques
2019-09-13 17:48:15 INFO  URLReader:19 - URL Producto: https://www.amazon.com.mx/Meguiar%C2%B4s-G190526-Cera-Cer%C3%A1mica-Empaque/dp/B06WVQ6MVR/ref=sr_1_14?__mk_es_MX=%C3%85M%C3%85%C5%BD%C3%95%C3%91&keywords=meguiars&qid=1568339530&s=gateway&sr=8-14
2019-09-13 17:48:17 INFO  Verifier:66 - buscando por porcentaje descuento
2019-09-13 17:48:17 INFO  Verifier:73 - Muy caro:$732.54
2019-09-13 17:48:17 INFO  Tracker:45 - Precio objetivo alcanzado:false
2019-09-13 17:48:17 INFO  Tracker:49 - ********Muy caro, no me notifiques
2019-09-13 17:54:00 INFO  Tracker:41 - *********iniciando verificacion de precios**********
2019-09-13 17:54:00 INFO  URLReader:19 - URL Producto: https://www.liverpool.com.mx/tienda/pdp/abrillantador-meguiar's-ultimate-quick-detailer-negro/61837434
2019-09-13 17:54:05 INFO  Verifier:63 - buscando por precio objetivo
2019-09-13 17:54:05 INFO  Verifier:73 - Muy caro:$328
2019-09-13 17:54:05 INFO  Tracker:46 - Precio objetivo alcanzado:false
2019-09-13 17:54:05 INFO  Tracker:50 - ********Muy caro, no me notifiques
2019-09-13 17:54:05 INFO  URLReader:19 - URL Producto: https://www.amazon.com.mx/Meguiar%C2%B4s-G190526-Cera-Cer%C3%A1mica-Empaque/dp/B06WVQ6MVR/ref=sr_1_14?__mk_es_MX=%C3%85M%C3%85%C5%BD%C3%95%C3%91&keywords=meguiars&qid=1568339530&s=gateway&sr=8-14
2019-09-13 17:54:11 INFO  Verifier:66 - buscando por porcentaje descuento
2019-09-13 17:54:11 INFO  Verifier:73 - Muy caro:$732.54
2019-09-13 17:54:11 INFO  Tracker:46 - Precio objetivo alcanzado:false
2019-09-13 17:54:11 INFO  Tracker:50 - ********Muy caro, no me notifiques
2019-09-13 17:54:12 INFO  Tracker:41 - *********iniciando verificacion de precios**********
2019-09-13 17:54:12 INFO  URLReader:19 - URL Producto: https://www.liverpool.com.mx/tienda/pdp/abrillantador-meguiar's-ultimate-quick-detailer-negro/61837434
2019-09-13 18:02:00 INFO  Tracker:41 - *********iniciando verificacion de precios**********
2019-09-13 18:02:00 INFO  URLReader:19 - URL Producto: https://www.liverpool.com.mx/tienda/pdp/abrillantador-meguiar's-ultimate-quick-detailer-negro/61837434
2019-09-13 18:02:04 INFO  Verifier:63 - buscando por precio objetivo
2019-09-13 18:02:04 INFO  Verifier:73 - Muy caro:$328
2019-09-13 18:02:04 INFO  Tracker:46 - Precio objetivo alcanzado:false
2019-09-13 18:02:04 INFO  Tracker:50 - ********Muy caro, no me notifiques
2019-09-13 18:02:04 INFO  URLReader:19 - URL Producto: https://www.amazon.com.mx/Meguiar%C2%B4s-G190526-Cera-Cer%C3%A1mica-Empaque/dp/B06WVQ6MVR/ref=sr_1_14?__mk_es_MX=%C3%85M%C3%85%C5%BD%C3%95%C3%91&keywords=meguiars&qid=1568339530&s=gateway&sr=8-14
2019-09-13 18:02:07 INFO  Verifier:66 - buscando por porcentaje descuento
2019-09-13 18:02:07 INFO  Verifier:73 - Muy caro:$732.54
2019-09-13 18:02:07 INFO  Tracker:46 - Precio objetivo alcanzado:false
2019-09-13 18:02:07 INFO  Tracker:50 - ********Muy caro, no me notifiques
2019-09-13 18:04:00 INFO  Tracker:41 - *********iniciando verificacion de precios**********
2019-09-13 18:04:00 INFO  URLReader:19 - URL Producto: https://www.liverpool.com.mx/tienda/pdp/abrillantador-meguiar's-ultimate-quick-detailer-negro/61837434
2019-09-13 18:04:05 INFO  Verifier:63 - buscando por precio objetivo
2019-09-13 18:04:05 INFO  Verifier:73 - Muy caro:$328
2019-09-13 18:04:05 INFO  Tracker:46 - Precio objetivo alcanzado:false
2019-09-13 18:04:05 INFO  Tracker:50 - ********Muy caro, no me notifiques
2019-09-13 18:04:05 INFO  URLReader:19 - URL Producto: https://www.amazon.com.mx/Meguiar%C2%B4s-G190526-Cera-Cer%C3%A1mica-Empaque/dp/B06WVQ6MVR/ref=sr_1_14?__mk_es_MX=%C3%85M%C3%85%C5%BD%C3%95%C3%91&keywords=meguiars&qid=1568339530&s=gateway&sr=8-14
2019-09-13 18:04:13 INFO  Verifier:66 - buscando por porcentaje descuento
2019-09-13 18:04:13 INFO  Verifier:73 - Muy caro:$732.54
2019-09-13 18:04:13 INFO  Tracker:46 - Precio objetivo alcanzado:false
2019-09-13 18:04:13 INFO  Tracker:50 - ********Muy caro, no me notifiques
2019-09-13 18:06:00 INFO  Tracker:41 - *********iniciando verificacion de precios**********
2019-09-13 18:06:00 INFO  URLReader:19 - URL Producto: https://www.liverpool.com.mx/tienda/pdp/abrillantador-meguiar's-ultimate-quick-detailer-negro/61837434
2019-09-13 18:06:07 INFO  Verifier:63 - buscando por precio objetivo
2019-09-13 18:06:07 INFO  Verifier:73 - Muy caro:$328
2019-09-13 18:06:07 INFO  Tracker:46 - Precio objetivo alcanzado:false
2019-09-13 18:06:07 INFO  Tracker:50 - ********Muy caro, no me notifiques
2019-09-13 18:06:07 INFO  URLReader:19 - URL Producto: https://www.amazon.com.mx/Meguiar%C2%B4s-G190526-Cera-Cer%C3%A1mica-Empaque/dp/B06WVQ6MVR/ref=sr_1_14?__mk_es_MX=%C3%85M%C3%85%C5%BD%C3%95%C3%91&keywords=meguiars&qid=1568339530&s=gateway&sr=8-14
2019-09-13 18:06:14 INFO  Verifier:66 - buscando por porcentaje descuento
2019-09-13 18:06:14 INFO  Verifier:73 - Muy caro:$732.54
2019-09-13 18:06:14 INFO  Tracker:46 - Precio objetivo alcanzado:false
2019-09-13 18:06:14 INFO  Tracker:50 - ********Muy caro, no me notifiques
2019-09-13 18:20:00 INFO  Tracker:41 - *********iniciando verificacion de precios**********
2019-09-13 18:20:00 INFO  URLReader:19 - URL Producto: https://www.liverpool.com.mx/tienda/pdp/abrillantador-meguiar's-ultimate-quick-detailer-negro/61837434
2019-09-13 18:20:14 INFO  Verifier:63 - buscando por precio objetivo
2019-09-13 18:20:14 INFO  Verifier:73 - Muy caro:$328
2019-09-13 18:20:14 INFO  Tracker:46 - Precio objetivo alcanzado:false
2019-09-13 18:20:14 INFO  Tracker:50 - ********Muy caro, no me notifiques
2019-09-13 18:20:14 INFO  URLReader:19 - URL Producto: https://www.amazon.com.mx/Meguiar%C2%B4s-G190526-Cera-Cer%C3%A1mica-Empaque/dp/B06WVQ6MVR/ref=sr_1_14?__mk_es_MX=%C3%85M%C3%85%C5%BD%C3%95%C3%91&keywords=meguiars&qid=1568339530&s=gateway&sr=8-14
2019-09-13 18:20:19 INFO  Verifier:66 - buscando por porcentaje descuento
2019-09-13 18:20:19 INFO  Verifier:73 - Muy caro:$732.54
2019-09-13 18:20:19 INFO  Tracker:46 - Precio objetivo alcanzado:false
2019-09-13 18:20:19 INFO  Tracker:50 - ********Muy caro, no me notifiques
2019-09-13 22:00:00 INFO  Tracker:61 - *********iniciando verificacion de precios**********
2019-09-13 22:00:00 INFO  URLReader:19 - URL Producto: https://www.liverpool.com.mx/tienda/pdp/abrillantador-meguiar's-ultimate-quick-detailer-negro/61837434
2019-09-13 22:00:08 INFO  Verifier:63 - buscando por precio objetivo
2019-09-13 22:00:08 INFO  Verifier:73 - Muy caro:$328
2019-09-13 22:00:08 INFO  Tracker:66 - Precio objetivo alcanzado:false
2019-09-13 22:00:08 INFO  Tracker:70 - ********Muy caro, no me notifiques
2019-09-13 22:00:08 INFO  URLReader:19 - URL Producto: https://www.amazon.com.mx/Meguiar%C2%B4s-G190526-Cera-Cer%C3%A1mica-Empaque/dp/B06WVQ6MVR/ref=sr_1_14?__mk_es_MX=%C3%85M%C3%85%C5%BD%C3%95%C3%91&keywords=meguiars&qid=1568339530&s=gateway&sr=8-14
2019-09-13 22:00:20 INFO  Verifier:66 - buscando por porcentaje descuento
2019-09-13 22:00:20 INFO  Verifier:73 - Muy caro:$732.54
2019-09-13 22:00:20 INFO  Tracker:66 - Precio objetivo alcanzado:false
2019-09-13 22:00:20 INFO  Tracker:70 - ********Muy caro, no me notifiques
2019-09-13 22:00:20 INFO  URLReader:19 - URL Producto: https://www.amazon.com.mx/GoPro-Battery-Charger-Official-Accessory/dp/B01LZHRYJS/ref=sr_1_1?__mk_es_MX=%C3%85M%C3%85%C5%BD%C3%95%C3%91&keywords=GoPro+Dual+Battery+Charger&qid=1568425640&s=electronics&sr=1-1
2019-09-13 22:00:34 INFO  URLReader:19 - URL Producto: https://www.amazon.com.mx/Meguiars%C2%B4s-X2000-Toalla-de-Secado/dp/B007VTRBPA/ref=sr_1_34?__mk_es_MX=%C3%85M%C3%85%C5%BD%C3%95%C3%91&keywords=meguiars&qid=1568426728&s=gateway&sr=8-34
2019-09-13 22:05:00 INFO  Tracker:61 - *********iniciando verificacion de precios**********
2019-09-13 22:05:00 INFO  URLReader:19 - URL Producto: https://www.liverpool.com.mx/tienda/pdp/abrillantador-meguiar's-ultimate-quick-detailer-negro/61837434
2019-09-13 22:05:29 INFO  Verifier:63 - buscando por precio objetivo
2019-09-13 22:05:29 INFO  Verifier:73 - Muy caro:$328
2019-09-13 22:05:29 INFO  Tracker:66 - Precio objetivo alcanzado:false
2019-09-13 22:05:29 INFO  Tracker:70 - ********Muy caro, no me notifiques
2019-09-13 22:05:29 INFO  URLReader:19 - URL Producto: https://www.amazon.com.mx/Meguiar%C2%B4s-G190526-Cera-Cer%C3%A1mica-Empaque/dp/B06WVQ6MVR/ref=sr_1_14?__mk_es_MX=%C3%85M%C3%85%C5%BD%C3%95%C3%91&keywords=meguiars&qid=1568339530&s=gateway&sr=8-14
2019-09-13 22:05:44 INFO  Verifier:66 - buscando por porcentaje descuento
2019-09-13 22:05:44 INFO  Verifier:73 - Muy caro:$732.54
2019-09-13 22:05:44 INFO  Tracker:66 - Precio objetivo alcanzado:false
2019-09-13 22:05:44 INFO  Tracker:70 - ********Muy caro, no me notifiques
2019-09-13 22:05:44 INFO  URLReader:19 - URL Producto: https://www.amazon.com.mx/GoPro-Battery-Charger-Official-Accessory/dp/B01LZHRYJS/ref=sr_1_1?__mk_es_MX=%C3%85M%C3%85%C5%BD%C3%95%C3%91&keywords=GoPro+Dual+Battery+Charger&qid=1568425640&s=electronics&sr=1-1
2019-09-13 22:05:50 INFO  Verifier:66 - buscando por porcentaje descuento
2019-09-13 22:05:50 INFO  Verifier:73 - Muy caro:$1,184.00
2019-09-13 22:05:50 INFO  Tracker:66 - Precio objetivo alcanzado:false
2019-09-13 22:05:50 INFO  Tracker:70 - ********Muy caro, no me notifiques
2019-09-13 22:05:50 INFO  URLReader:19 - URL Producto: https://www.amazon.com.mx/Meguiars%C2%B4s-X2000-Toalla-de-Secado/dp/B007VTRBPA/ref=sr_1_34?__mk_es_MX=%C3%85M%C3%85%C5%BD%C3%95%C3%91&keywords=meguiars&qid=1568426728&s=gateway&sr=8-34
2019-09-13 22:06:03 INFO  Verifier:66 - buscando por porcentaje descuento
2019-09-13 22:06:03 INFO  Verifier:73 - Muy caro:$697.44
2019-09-13 22:06:03 INFO  Tracker:66 - Precio objetivo alcanzado:false
2019-09-13 22:06:03 INFO  Tracker:70 - ********Muy caro, no me notifiques
2019-09-13 22:06:03 INFO  URLReader:19 - URL Producto: https://www.amazon.com.mx/Meguiars-Cera-L%C3%ADquida-Pulir-G18216/dp/B06WVGZL5W/ref=sr_1_1?__mk_es_MX=%C3%85M%C3%85%C5%BD%C3%95%C3%91&keywords=meguiars%2Bwax&qid=1568427340&s=gateway&sr=8-1&th=1
2019-09-13 22:06:11 INFO  Verifier:66 - buscando por porcentaje descuento
2019-09-13 22:06:11 INFO  Verifier:73 - Muy caro:$425.85
2019-09-13 22:06:11 INFO  Tracker:66 - Precio objetivo alcanzado:false
2019-09-13 22:06:11 INFO  Tracker:70 - ********Muy caro, no me notifiques
2019-09-13 22:06:11 INFO  URLReader:19 - URL Producto: https://www.amazon.com.mx/Meguiars%C2%B4s-G190315-Abrillantador-Llantas-Recubrimiento/dp/B06W5FXCMS/ref=sr_1_108?__mk_es_MX=%C3%85M%C3%85%C5%BD%C3%95%C3%91&keywords=meguiars&qid=1568427680&s=gateway&sr=8-108
2019-09-13 22:06:18 INFO  Verifier:66 - buscando por porcentaje descuento
2019-09-13 22:06:18 INFO  Verifier:73 - Muy caro:$499.53
2019-09-13 22:06:18 INFO  Tracker:66 - Precio objetivo alcanzado:false
2019-09-13 22:06:18 INFO  Tracker:70 - ********Muy caro, no me notifiques
2019-09-13 22:06:18 INFO  URLReader:19 - URL Producto: https://www.liverpool.com.mx/tienda/pdp/sellador-de-parabrisas-meguiar's-glass/1078971629
2019-09-13 22:06:21 INFO  Verifier:66 - buscando por porcentaje descuento
2019-09-13 22:06:21 INFO  Verifier:73 - Muy caro:$279
2019-09-13 22:06:21 INFO  Tracker:66 - Precio objetivo alcanzado:false
2019-09-13 22:06:21 INFO  Tracker:70 - ********Muy caro, no me notifiques
2019-09-13 22:24:03 INFO  URLReader:19 - URL Producto: https://www.amazon.com.mx/
2019-09-13 22:24:21 INFO  URLReader:19 - URL Producto: https://www.amazon.com.mx/
2019-09-13 23:03:00 INFO  Tracker:65 - *********iniciando verificacion de precios**********
2019-09-13 23:03:00 INFO  URLReader:19 - URL Producto: https://www.liverpool.com.mx/tienda/pdp/abrillantador-meguiar's-ultimate-quick-detailer-negro/61837434
2019-09-13 23:03:23 INFO  Verifier:64 - Verificando precio para:$328
2019-09-13 23:03:23 INFO  Verifier:69 - buscando por precio objetivo
2019-09-13 23:03:23 INFO  Verifier:79 - Muy caro:$328
2019-09-13 23:03:23 INFO  Tracker:70 - Precio objetivo alcanzado:false
2019-09-13 23:03:23 INFO  Tracker:74 - ********Muy caro, no me notifiques
2019-09-13 23:03:23 INFO  URLReader:19 - URL Producto: https://www.amazon.com.mx/Meguiar%C2%B4s-G190526-Cera-Cer%C3%A1mica-Empaque/dp/B06WVQ6MVR/ref=sr_1_14?__mk_es_MX=%C3%85M%C3%85%C5%BD%C3%95%C3%91&keywords=meguiars&qid=1568339530&s=gateway&sr=8-14
2019-09-13 23:05:00 INFO  Tracker:65 - *********iniciando verificacion de precios**********
2019-09-13 23:05:00 INFO  URLReader:19 - URL Producto: https://www.liverpool.com.mx/tienda/pdp/abrillantador-meguiar's-ultimate-quick-detailer-negro/61837434
2019-09-13 23:05:29 INFO  Verifier:64 - Verificando precio para:Abrillantador Meguiar's Ultimate Quick Detailer negro
2019-09-13 23:05:29 INFO  Verifier:69 - buscando por precio objetivo
2019-09-13 23:05:29 INFO  Verifier:79 - Muy caro:$328
2019-09-13 23:05:29 INFO  Tracker:70 - Precio objetivo alcanzado:false
2019-09-13 23:05:29 INFO  Tracker:74 - ********Muy caro, no me notifiques
2019-09-13 23:05:29 INFO  URLReader:19 - URL Producto: https://www.amazon.com.mx/Meguiar%C2%B4s-G190526-Cera-Cer%C3%A1mica-Empaque/dp/B06WVQ6MVR/ref=sr_1_14?__mk_es_MX=%C3%85M%C3%85%C5%BD%C3%95%C3%91&keywords=meguiars&qid=1568339530&s=gateway&sr=8-14
2019-09-13 23:05:45 INFO  Verifier:64 - Verificando precio para:Meguiar´s G190526 G190526 Cera Cerámica, 786, Azul Empaque de, 1 Empaque de
2019-09-13 23:05:45 INFO  Verifier:72 - buscando por porcentaje descuento
2019-09-13 23:05:45 INFO  Verifier:79 - Muy caro:$732.54
2019-09-13 23:05:45 INFO  Tracker:70 - Precio objetivo alcanzado:false
2019-09-13 23:05:45 INFO  Tracker:74 - ********Muy caro, no me notifiques
2019-09-13 23:05:45 INFO  URLReader:19 - URL Producto: https://www.amazon.com.mx/GoPro-Battery-Charger-Official-Accessory/dp/B01LZHRYJS/ref=sr_1_1?__mk_es_MX=%C3%85M%C3%85%C5%BD%C3%95%C3%91&keywords=GoPro+Dual+Battery+Charger&qid=1568425640&s=electronics&sr=1-1
2019-09-13 23:05:53 INFO  Verifier:64 - Verificando precio para:GoPro Dual Battery Charger + Battery (HERO5 Black) (GoPro Official Accessory)
2019-09-13 23:05:53 INFO  Verifier:72 - buscando por porcentaje descuento
2019-09-13 23:05:53 INFO  Verifier:79 - Muy caro:$1,184.00
2019-09-13 23:05:53 INFO  Tracker:70 - Precio objetivo alcanzado:false
2019-09-13 23:05:53 INFO  Tracker:74 - ********Muy caro, no me notifiques
2019-09-13 23:05:53 INFO  URLReader:19 - URL Producto: https://www.amazon.com.mx/Meguiars%C2%B4s-X2000-Toalla-de-Secado/dp/B007VTRBPA/ref=sr_1_34?__mk_es_MX=%C3%85M%C3%85%C5%BD%C3%95%C3%91&keywords=meguiars&qid=1568426728&s=gateway&sr=8-34
2019-09-13 23:15:00 INFO  Tracker:66 - *********iniciando verificacion de precios**********
2019-09-13 23:15:00 INFO  URLReader:19 - URL Producto: https://www.liverpool.com.mx/tienda/pdp/abrillantador-meguiar's-ultimate-quick-detailer-negro/61837434
2019-09-13 23:15:10 INFO  Verifier:64 - Verificando precio para: Abrillantador Meguiar's Ultimate Quick Detailer negro
2019-09-13 23:15:10 INFO  Verifier:69 - buscando por precio objetivo
2019-09-13 23:15:10 INFO  Verifier:76 - Precio actual:$328
2019-09-13 23:15:10 INFO  Tracker:71 - Precio objetivo alcanzado:true
2019-09-13 23:15:10 INFO  Tracker:73 - *****Enviando correo de notificacion
2019-09-13 23:15:15 INFO  URLReader:19 - URL Producto: https://www.amazon.com.mx/Meguiar%C2%B4s-G190526-Cera-Cer%C3%A1mica-Empaque/dp/B06WVQ6MVR/ref=sr_1_14?__mk_es_MX=%C3%85M%C3%85%C5%BD%C3%95%C3%91&keywords=meguiars&qid=1568339530&s=gateway&sr=8-14
2019-09-13 23:15:24 INFO  Verifier:64 - Verificando precio para: Meguiar´s G190526 G190526 Cera Cerámica, 786, Azul Empaque de, 1 Empaque de
2019-09-13 23:15:24 INFO  Verifier:72 - buscando por porcentaje descuento
2019-09-13 23:15:24 INFO  Verifier:79 - Muy caro:$732.54
2019-09-13 23:15:24 INFO  Tracker:71 - Precio objetivo alcanzado:false
2019-09-13 23:15:24 INFO  Tracker:76 - ********Muy caro, no me notifiques
2019-09-13 23:15:24 INFO  URLReader:19 - URL Producto: https://www.amazon.com.mx/GoPro-Battery-Charger-Official-Accessory/dp/B01LZHRYJS/ref=sr_1_1?__mk_es_MX=%C3%85M%C3%85%C5%BD%C3%95%C3%91&keywords=GoPro+Dual+Battery+Charger&qid=1568425640&s=electronics&sr=1-1
2019-09-13 23:15:40 INFO  Verifier:64 - Verificando precio para: GoPro Dual Battery Charger + Battery (HERO5 Black) (GoPro Official Accessory)
2019-09-13 23:15:40 INFO  Verifier:72 - buscando por porcentaje descuento
2019-09-13 23:15:40 INFO  Verifier:79 - Muy caro:$1,184.00
2019-09-13 23:15:40 INFO  Tracker:71 - Precio objetivo alcanzado:false
2019-09-13 23:15:40 INFO  Tracker:76 - ********Muy caro, no me notifiques
2019-09-13 23:15:40 INFO  URLReader:19 - URL Producto: https://www.amazon.com.mx/Meguiars%C2%B4s-X2000-Toalla-de-Secado/dp/B007VTRBPA/ref=sr_1_34?__mk_es_MX=%C3%85M%C3%85%C5%BD%C3%95%C3%91&keywords=meguiars&qid=1568426728&s=gateway&sr=8-34
